nepieciešams, vajadzīgs (It's not ... to do all the questions on the sheet)|necessary
pamata, galīgi ārpus rāmjiem, citādi domājošas (Some people have ... ideas about education. For example, that children should be allowed to choose whether or not to attend lessons)|radical
mantojums (It is a World ... site - and I think it is the most beautiful city in Britain)|heritage
kopā ar, pavadīt, Tev ir kompanjons, beidzas ar ied (each return code would be ... on the frontend with an explanatory message like the above)|accompanied
apturēt (The teacher decided to ... the activity when it became clear that the students didn't understand what to do)|halt
iespējams, izpildāms (items are not ...)|feasible
pakļauties (If you do not ... the rules of the classroom, you will be sent to the headmaster)|obey
uzvilkt to (I used to sit on my granddad.s knee and play with his watch and he used to let me ...)|wind it up
divvalodīga (a ... secretary)|bilingual
locīt, saliekt galvu uz priekšu pie friziera (just ... your head forward a bit please)|bend
kopums, kopumā (so I think on the ... I think it is better to tell the truth)|whole
labot, ar ing (it is nice to say something like . ... a broken heart.)|mending
lauki (And the ... around is beautiful - lots of great places to go at the weekend)|countryside
tā kā, turpretī, turpretim, ievērojot (In some countries smoking in public places is banned, ... in other countries it seems that everyone smokes everywhere)|whereas
pikšņa, ja nevar atrast mencu tad ēd pikšņu, hint-bija piestātne (It can be different kinds of fish but the most popular are cod and ...)|haddock
saglabāšana, konservēšana (Carolina and her boyfriend Jamie are members of a society at the university – the ... Society)|conservation
pārbaudes laiks|probation period
nē, nulle, nekas, mazvērtīgs, veltīgs, nenozīmīgs|nought
prognoze (The weather ... says it is going to be like this for the next week)|forecast
pamatnieks (I work at a golf course. I am a ...)|groundsman
smags, muļķīgs, ākstīgs (It is ... because it is quite close to Manchester)|daft
talons, žetons (So, you win the book ... Ethan)|token
atklāj (checking that ... that it has no data)|reveals
rokasgrāmata, ceļvedis|guidebook
apgaismot (The school plans to ... the sports field so that games can be played after dark)|illuminate
piegādāt (we just ... item keys to the functions)|supplied
mīkla (It’s a piece of fish, covered in ... and deep fried)|batter
izvēlēties, trīs burti (we would probably ... for aggregate items)|opt
kupris, aizmugurkupris (we were on a boat looking for humpback whales)|hampback
tēvišķīgs (have a ... love from him)|fatherly
darbs (Some types of ... are dirty, dangerous or not well-paid. It is often poor immigrants to a country who take such jobs)|labour
